<?xml version="1.0" encoding="UTF-8"?>
<testsuite xmlns:xsi="http://www.w3.org/2001/XMLSchema-instance" xsi:noNamespaceSchemaLocation="https://maven.apache.org/surefire/maven-surefire-plugin/xsd/surefire-test-report.xsd" name="io.mglobe.landroutes.ApplicationTests" time="4.972" tests="3" errors="0" skipped="0" failures="0">
  <properties>
[...]
</properties>
  <testcase name="getSecondTestRoute" classname="io.mglobe.landroutes.ApplicationTests" time="0.041"/>
  <testcase name="getFirstTestRoute" classname="io.mglobe.landroutes.ApplicationTests" time="0.004"/>
  <testcase name="login" classname="io.mglobe.landroutes.ApplicationTests" time="1.614"/>
</testsuite>